In file included from /home/runner/work/pgi-2025-the_yellow_bicycles/pgi-2025-the_yellow_bicycles/src/utils.c:3:
/home/runner/work/pgi-2025-the_yellow_bicycles/pgi-2025-the_yellow_bicycles/src/utils.h:19:16: error: redefinition of ‘struct _pixelRGB’
   19 | typedef struct _pixelRGB {
      |                ^~~~~~~~~
/home/runner/work/pgi-2025-the_yellow_bicycles/pgi-2025-the_yellow_bicycles/src/utils.h:11:16: note: originally defined here
   11 | typedef struct _pixelRGB {
      |                ^~~~~~~~~
/home/runner/work/pgi-2025-the_yellow_bicycles/pgi-2025-the_yellow_bicycles/src/utils.h:23:3: error: conflicting types for ‘pixelRGB’; have ‘struct _pixelRGB’
   23 | } pixelRGB ;
      |   ^~~~~~~~
/home/runner/work/pgi-2025-the_yellow_bicycles/pgi-2025-the_yellow_bicycles/src/utils.h:15:3: note: previous declaration of ‘pixelRGB’ with type ‘pixelRGB’ {aka ‘struct _pixelRGB’}
   15 | } pixelRGB ;
      |   ^~~~~~~~
/home/runner/work/pgi-2025-the_yellow_bicycles/pgi-2025-the_yellow_bicycles/src/utils.h:24:12: error: conflicting types for ‘get_pixel’; have ‘pixelRGB *(unsigned char *, const unsigned int,  const unsigned int,  const unsigned int,  const unsigned int,  const unsigned int)’ {aka ‘struct _pixelRGB *(unsigned char *, const unsigned int,  const unsigned int,  const unsigned int,  const unsigned int,  const unsigned int)’}
   24 | pixelRGB * get_pixel( unsigned char* data, const unsigned int width, const unsigned int height, const unsigned int n, const unsigned int x, const unsigned int y );
      |            ^~~~~~~~~
/home/runner/work/pgi-2025-the_yellow_bicycles/pgi-2025-the_yellow_bicycles/src/utils.h:16:12: note: previous declaration of ‘get_pixel’ with type ‘pixelRGB *(unsigned char *, const unsigned int,  const unsigned int,  const unsigned int,  const unsigned int,  const unsigned int)’ {aka ‘struct _pixelRGB *(unsigned char *, const unsigned int,  const unsigned int,  const unsigned int,  const unsigned int,  const unsigned int)’}
   16 | pixelRGB * get_pixel( unsigned char* data, const unsigned int width, const unsigned int height, const unsigned int n, const unsigned int x, const unsigned int y );
      |            ^~~~~~~~~
/home/runner/work/pgi-2025-the_yellow_bicycles/pgi-2025-the_yellow_bicycles/src/utils.c:10:12: error: conflicting types for ‘get_pixel’; have ‘pixelRGB *(unsigned char *, const unsigned int,  const unsigned int,  const unsigned int,  const unsigned int,  const unsigned int)’ {aka ‘struct _pixelRGB *(unsigned char *, const unsigned int,  const unsigned int,  const unsigned int,  const unsigned int,  const unsigned int)’}
   10 | pixelRGB * get_pixel( unsigned char* data, const unsigned int width, const unsigned int height, const unsigned int n, const unsigned int x, const unsigned int y ){
      |            ^~~~~~~~~
/home/runner/work/pgi-2025-the_yellow_bicycles/pgi-2025-the_yellow_bicycles/src/utils.h:16:12: note: previous declaration of ‘get_pixel’ with type ‘pixelRGB *(unsigned char *, const unsigned int,  const unsigned int,  const unsigned int,  const unsigned int,  const unsigned int)’ {aka ‘struct _pixelRGB *(unsigned char *, const unsigned int,  const unsigned int,  const unsigned int,  const unsigned int,  const unsigned int)’}
   16 | pixelRGB * get_pixel( unsigned char* data, const unsigned int width, const unsigned int height, const unsigned int n, const unsigned int x, const unsigned int y );
      |            ^~~~~~~~~
/home/runner/work/pgi-2025-the_yellow_bicycles/pgi-2025-the_yellow_bicycles/src/utils.c:30:12: error: conflicting types for ‘get_pixel’; have ‘pixelRGB *(unsigned char *, const unsigned int,  const unsigned int,  const unsigned int,  const unsigned int,  const unsigned int)’ {aka ‘struct _pixelRGB *(unsigned char *, const unsigned int,  const unsigned int,  const unsigned int,  const unsigned int,  const unsigned int)’}
   30 | pixelRGB * get_pixel( unsigned char* data, const unsigned int width, const unsigned int height, const unsigned int n, const unsigned int x, const unsigned int y ){
      |            ^~~~~~~~~
/home/runner/work/pgi-2025-the_yellow_bicycles/pgi-2025-the_yellow_bicycles/src/utils.h:16:12: note: previous declaration of ‘get_pixel’ with type ‘pixelRGB *(unsigned char *, const unsigned int,  const unsigned int,  const unsigned int,  const unsigned int,  const unsigned int)’ {aka ‘struct _pixelRGB *(unsigned char *, const unsigned int,  const unsigned int,  const unsigned int,  const unsigned int,  const unsigned int)’}
   16 | pixelRGB * get_pixel( unsigned char* data, const unsigned int width, const unsigned int height, const unsigned int n, const unsigned int x, const unsigned int y );
      |            ^~~~~~~~~
/home/runner/work/pgi-2025-the_yellow_bicycles/pgi-2025-the_yellow_bicycles/src/utils.c:39:6: error: redefinition of ‘print_pixel’
   39 | void print_pixel(char *source_path, int x, int y)
      |      ^~~~~~~~~~~
/home/runner/work/pgi-2025-the_yellow_bicycles/pgi-2025-the_yellow_bicycles/src/utils.c:19:6: note: previous definition of ‘print_pixel’ with type ‘void(char *, int,  int)’
   19 | void print_pixel(char *source_path, int x, int y)
      |      ^~~~~~~~~~~
gmake[2]: *** [CMakeFiles/freud.dir/build.make:121: CMakeFiles/freud.dir/src/utils.c.o] Error 1
gmake[2]: *** Waiting for unfinished jobs....
In file included from /home/runner/work/pgi-2025-the_yellow_bicycles/pgi-2025-the_yellow_bicycles/src/features.c:5:
/home/runner/work/pgi-2025-the_yellow_bicycles/pgi-2025-the_yellow_bicycles/src/utils.h:19:16: error: redefinition of ‘struct _pixelRGB’
   19 | typedef struct _pixelRGB {
      |                ^~~~~~~~~
/home/runner/work/pgi-2025-the_yellow_bicycles/pgi-2025-the_yellow_bicycles/src/utils.h:11:16: note: originally defined here
   11 | typedef struct _pixelRGB {
      |                ^~~~~~~~~
/home/runner/work/pgi-2025-the_yellow_bicycles/pgi-2025-the_yellow_bicycles/src/utils.h:23:3: error: conflicting types for ‘pixelRGB’; have ‘struct _pixelRGB’
   23 | } pixelRGB ;
      |   ^~~~~~~~
/home/runner/work/pgi-2025-the_yellow_bicycles/pgi-2025-the_yellow_bicycles/src/utils.h:15:3: note: previous declaration of ‘pixelRGB’ with type ‘pixelRGB’ {aka ‘struct _pixelRGB’}
   15 | } pixelRGB ;
      |   ^~~~~~~~
/home/runner/work/pgi-2025-the_yellow_bicycles/pgi-2025-the_yellow_bicycles/src/utils.h:24:12: error: conflicting types for ‘get_pixel’; have ‘pixelRGB *(unsigned char *, const unsigned int,  const unsigned int,  const unsigned int,  const unsigned int,  const unsigned int)’ {aka ‘struct _pixelRGB *(unsigned char *, const unsigned int,  const unsigned int,  const unsigned int,  const unsigned int,  const unsigned int)’}
   24 | pixelRGB * get_pixel( unsigned char* data, const unsigned int width, const unsigned int height, const unsigned int n, const unsigned int x, const unsigned int y );
      |            ^~~~~~~~~
/home/runner/work/pgi-2025-the_yellow_bicycles/pgi-2025-the_yellow_bicycles/src/utils.h:16:12: note: previous declaration of ‘get_pixel’ with type ‘pixelRGB *(unsigned char *, const unsigned int,  const unsigned int,  const unsigned int,  const unsigned int,  const unsigned int)’ {aka ‘struct _pixelRGB *(unsigned char *, const unsigned int,  const unsigned int,  const unsigned int,  const unsigned int,  const unsigned int)’}
   16 | pixelRGB * get_pixel( unsigned char* data, const unsigned int width, const unsigned int height, const unsigned int n, const unsigned int x, const unsigned int y );
      |            ^~~~~~~~~
gmake[2]: *** [CMakeFiles/freud.dir/build.make:93: CMakeFiles/freud.dir/src/features.c.o] Error 1
In file included from /home/runner/work/pgi-2025-the_yellow_bicycles/pgi-2025-the_yellow_bicycles/src/main.c:9:
/home/runner/work/pgi-2025-the_yellow_bicycles/pgi-2025-the_yellow_bicycles/src/utils.h:19:16: error: redefinition of ‘struct _pixelRGB’
   19 | typedef struct _pixelRGB {
      |                ^~~~~~~~~
/home/runner/work/pgi-2025-the_yellow_bicycles/pgi-2025-the_yellow_bicycles/src/utils.h:11:16: note: originally defined here
   11 | typedef struct _pixelRGB {
      |                ^~~~~~~~~
/home/runner/work/pgi-2025-the_yellow_bicycles/pgi-2025-the_yellow_bicycles/src/utils.h:23:3: error: conflicting types for ‘pixelRGB’; have ‘struct _pixelRGB’
   23 | } pixelRGB ;
      |   ^~~~~~~~
/home/runner/work/pgi-2025-the_yellow_bicycles/pgi-2025-the_yellow_bicycles/src/utils.h:15:3: note: previous declaration of ‘pixelRGB’ with type ‘pixelRGB’ {aka ‘struct _pixelRGB’}
   15 | } pixelRGB ;
      |   ^~~~~~~~
/home/runner/work/pgi-2025-the_yellow_bicycles/pgi-2025-the_yellow_bicycles/src/utils.h:24:12: error: conflicting types for ‘get_pixel’; have ‘pixelRGB *(unsigned char *, const unsigned int,  const unsigned int,  const unsigned int,  const unsigned int,  const unsigned int)’ {aka ‘struct _pixelRGB *(unsigned char *, const unsigned int,  const unsigned int,  const unsigned int,  const unsigned int,  const unsigned int)’}
   24 | pixelRGB * get_pixel( unsigned char* data, const unsigned int width, const unsigned int height, const unsigned int n, const unsigned int x, const unsigned int y );
      |            ^~~~~~~~~
/home/runner/work/pgi-2025-the_yellow_bicycles/pgi-2025-the_yellow_bicycles/src/utils.h:16:12: note: previous declaration of ‘get_pixel’ with type ‘pixelRGB *(unsigned char *, const unsigned int,  const unsigned int,  const unsigned int,  const unsigned int,  const unsigned int)’ {aka ‘struct _pixelRGB *(unsigned char *, const unsigned int,  const unsigned int,  const unsigned int,  const unsigned int,  const unsigned int)’}
   16 | pixelRGB * get_pixel( unsigned char* data, const unsigned int width, const unsigned int height, const unsigned int n, const unsigned int x, const unsigned int y );
      |            ^~~~~~~~~
gmake[2]: *** [CMakeFiles/freud.dir/build.make:107: CMakeFiles/freud.dir/src/main.c.o] Error 1
gmake[1]: *** [CMakeFiles/Makefile2:87: CMakeFiles/freud.dir/all] Error 2
gmake: *** [Makefile:136: all] Error 2

The process '/usr/local/bin/cmake' failed with exit code 2